make.exe all --print-data-base --no-builtin-variables --no-builtin-rules --question
# GNU Make 3.82.90
# Built for i686-pc-mingw32
# Copyright (C) 1988-2012 Free Software Foundation, Inc.
# License GPLv3+: GNU GPL version 3 or later <http://gnu.org/licenses/gpl.html>
# This is free software: you are free to change and redistribute it.
# There is NO WARRANTY, to the extent permitted by law.
 

# Make data base, printed on Fri May 06 23:38:47 2022

# Variables

# automatic
<D = $(patsubst %/,%,$(patsubst %\,%,$(dir $<)))
# automatic
?F = $(notdir $?)
# environment
CUDA_PATH_V11_6 = C:\Program Files\NVIDIA GPU Computing Toolkit\CUDA\v11.6
# default
.SHELLFLAGS := -c
# makefile
MAKEFLAGS = Rrqp
# environment
VSCODE_LOG_NATIVE = false
# automatic
?D = $(patsubst %/,%,$(patsubst %\,%,$(dir $?)))
# automatic
@D = $(patsubst %/,%,$(patsubst %\,%,$(dir $@)))
# environment
HOMEDRIVE = C:
# automatic
@F = $(notdir $@)
# automatic
^D = $(patsubst %/,%,$(patsubst %\,%,$(dir $^)))
# makefile
CURDIR := c:/Users/26454/Mycodes/csapp/csapplab/archlab
# default
SHELL := sh.exe
# environment
WINDIR = C:\WINDOWS
# environment
VSCODE_NLS_CONFIG = {"locale":"zh-cn","availableLanguages":{"*":"zh-cn"},"_languagePackId":"a78078f10f99ab7adc9063c14c25e7ae.zh-cn","_translationsConfigFile":"C:\\Users\\26454\\AppData\\Roaming\\Code\\clp\\a78078f10f99ab7adc9063c14c25e7ae.zh-cn\\tcf.json","_cacheRoot":"C:\\Users\\26454\\AppData\\Roaming\\Code\\clp\\a78078f10f99ab7adc9063c14c25e7ae.zh-cn","_resolvedLanguagePackCoreLocation":"C:\\Users\\26454\\AppData\\Roaming\\Code\\clp\\a78078f10f99ab7adc9063c14c25e7ae.zh-cn\\57fd6d0195bb9b9d1b49f6da5db789060795de47","_corruptedFile":"C:\\Users\\26454\\AppData\\Roaming\\Code\\clp\\a78078f10f99ab7adc9063c14c25e7ae.zh-cn\\corrupted.info","_languagePackSupport":true}
# environment
ONEDRIVE = C:\Users\26454\OneDrive
# environment
PATHEXT = .COM;.EXE;.BAT;.CMD;.VBS;.VBE;.JS;.JSE;.WSF;.WSH;.MSC
# makefi 
le (from 'Makefile', line 1)
MAKEFILE_LIST :=  Makefile
# environment
TMP = C:\Users\26454\AppData\Local\Temp
# makefile (from 'Makefile', line 7)
VERSION = 1
# environment
VSCODE_VERBOSE_LOGGING = true
# environment
PROGRAMW6432 = C:\Program Files
# environment
PROGRAMDATA = C:\ProgramData
# environment
VSCODE_IPC_HOOK_EXTHOST = \\.\pipe\vscode-ipc-56f497c1-2a5a-4fc4-a320-8465b5ac76a2-sock
# environment
VSCODE_CWD = C:\Users\26454\AppData\Local\Programs\Microsoft VS Code
# environment
PATH = C:\Program Files (x86)\Microsoft Visual Studio\2017\Community\VC\Tools\MSVC\14.16.27023\bin\Hostx64\x64;C:\Program Files\NVIDIA GPU Computing Toolkit\CUDA\v11.6\bin;C:\Program Files\NVIDIA GPU Computing Toolkit\CUDA\v11.6\libnvvp;C:\Neovim\bin;C:\masm32\bin;C:\masm32;C:\Program Files (x86)\VMware\VMware Workstation\bin\;C:\Windows\system32;C:\Windows;C:\Windows\System32\Wbem;C:\Windows\System32\WindowsPowerShell\v1.0\;C:\Windows\System32\OpenSSH\;C:\Program Files (x86)\NVIDIA Corporation\PhysX\Common;C:\Program Files\MATLAB\R2020b\bin;C:\WINDOWS\system32;C:\WINDOWS;C:\WINDOWS\System32\Wbem;C:\WINDOWS\System32\WindowsPowerShell\v1.0\;C:\WINDOWS\System32\OpenSSH\;C:\MinGW\bin;C:\Program Files\NVIDIA Corporation\NVIDIA NvDLISR;C:\Program Files (x86)\AOMEI\AOMEI Backupper\6.5.0;C:\Program Files\Git\cmd;C:\Program Files\nodejs\;C:\Program Files\NVIDIA Corporation\Nsight Compute 2022.1.1\;C:\Users\26454\AppData\Local\Programs\Python\Python310\Scripts\;C:\Users\26454\AppData\Local\Programs\Python\Python310\;C:\Users\26454\AppData\Local\Microsoft\WindowsApps;;C:\Users\26454\AppData\Local\Programs\Microsoft VS Code\bin;C:\texlive\2021\bin\win32;C:\Users\26454\AppData\Roaming\npm
# environment
COMMONPROGRAMW6432 = C:\Program Files\Common Files
# environment
PROCESSOR_ARCHITECTURE = x86
# environment
USERPROFILE = C:\Users\26454
# environment
ALLUSERSPROFILE = C:\ProgramData
# makefile (from 'Makefile', line 13)
HANDINDIR-PARTC = /afs/cs/academic/class/15349-s02/archlab/handin-partc
# environment
VSCODE_LOG_STACK = false
# environment
NUMBER_OF_PROCESSORS = 8
# environment
ELECTRON_RUN_AS_NODE = 1
# environment
MSI_LICENSE_FILE = 27000@DESKTOP-0TH4IEB
# environment
LIB = C:\masm32\lib;C:\MinGW\lib
# default
.FEATURES := target-specific order-only second-expansion else-if shortest-stem undefine oneshell archives jobserver
# environment
NVTOOLSEXT_PATH = C:\Program Files\NVIDIA Corporation\NvToolsExt\
# automatic
%F = $(notdir $%)
# environment
CHROME_CRASHPAD_PIPE_NAME = \\.\pipe\crashpad_105368_SOSCYKDLJFRMBSWV
# environment
VSCODE_PIPE_LOGGING = true
# environment
COMPUTERNAME = DESKTOP-0TH4IEB
# environment
PROGRAMFILES = C:\Program Files (x86)
# environment
DRIVERDATA = C:\Windows\System32\Drivers\DriverData
# environment
ORIGINAL_XDG_CURRENT_DESKTOP = undefined
# environment
USERNAME = 26454
# environment
PUBLIC = C:\Users\Public
# environment
VSCODE_AMD_ENTRYPOINT = vs/workbench/api/node/extensionHostProcess
# environment
VSCODE_CODE_CACHE_PATH = C:\Users\26454\AppData\Roaming\Code\CachedData\57fd6d0195bb9b9d1b49f6da5db789060795de47
# environment
APPLICATION_INSIGHTS_NO_DIAGNOSTIC_CHANNEL = 1
# environment
COMMONPROGRAMFILES = C:\Program Files (x86)\Common Files
# environment
LOGONSERVER = \\DESKTOP-0TH4IEB
# environment
ONEDRIVECONSUMER = C:\Users\26454\OneDrive
# environment
VSCODE_HANDLES_UNCAUGHT_ERRORS = true
# environment
USERDOMAIN = DESKTOP-0TH4IEB
# environment
MAKELEVEL := 0
# default
MAKE = $(MAKE_COMMAND)
# default
MAKECMDGOALS := all
# environment
QT_DEVICE_PIXEL_RATIO = auto
# default
MAKE_VERSION := 3.82.90
# makefile
.DEFAULT_GOAL := sim
# environment
INCLUDE = C:\masm32\include
# environment
PROGRAMFILES(X86) = C:\Program Files (x86)
# automatic
%D = $(patsubst %/,%,$(patsubst %\,%,$(dir $%)))
# environment
LOCALAPPDATA = C:\Users\26454\AppData\Local
# environment
PSMODULEPATH = C:\Program Files\WindowsPowerShell\Modules;C:\WINDOWS\system32\WindowsPowerShell\v1.0\Modules
# default
MAKE_COMMAND := make.exe
# environment
PROCESSOR_ARCHITEW6432 = AMD64
# default
.VARIABLES := 
# automatic
*F = $(notdir $*)
# environment
PROCESSOR_IDENTIFIER = Intel64 Family 6 Model 158 Stepping 10, GenuineIntel
# environment
OS = Windows_NT
# environment
VSCODE_IPC_HOOK = \\.\pipe\a0eafecb5d7fa96686a63d60032d8bb9-1.67.0-main-sock
# environment
HOMEPATH = \Users\26454
# environment
COMMONPROGRAMFILES(X86) = C:\Program Files (x86)\Common Files
# environment
PROMPT = $P$G
# environment
MFLAGS = -Rrqp
# automatic
*D = $(patsubst %/,%,$(patsubst %\,%,$(dir $*)))
# environment
PT8HOME = C:\Program Files\Cisco Packet Tracer 8.0.1
# environment
SYSTEMROOT = C:\WINDOWS
# automatic
+D = $(patsubst %/,%,$(patsubst %\,%,$(dir $+)))
# automatic
+F = $(notdir $+)
# environment
APPDATA = C:\Users\26454\AppData\Roaming
# environment
TEMP = C:\Users\26454\AppData\Local\Temp
# environment
COMSPEC = C:\WINDOWS\system32\cmd.exe
# default
MAKEFILES := 
# automatic
<F = $(notdir $<)
# makefile (from 'Makefile', line 11)
HANDINDIR-PARTA = /afs/cs/academic/class/15349-s02/archlab/handin-parta
# makefile (from 'Makefile', line 6)
TEAM = bovik
# environment
LC_ALL = C
# automatic
^F = $(notdir $^)
# environment
CUDA_PATH = C:\Program Files\NVIDIA GPU Computing Toolkit\CUDA\v11.6
# default
SUFFIXES := 
# environment
SYSTEMDRIVE = C:
# environment
SESSIONNAME = Console
# environment
PROCESSOR_REVISION = 9e0a
# default
.INCLUDE_DIRS = C:/MinGW/include
# default
.RECIPEPREFIX := 
# environment
LANG = C
# environment
PROCESSOR_LEVEL = 6
# environment
VSCODE_PID = 105368
# makefile (from 'Makefile', line 12)
HANDINDIR-PARTB = /afs/cs/academic/class/15349-s02/archlab/handin-partb 

# environment
USERDOMAIN_ROAMINGPROFILE = DESKTOP-0TH4IEB
# variable set hash-table stats:
# Load=103/1024=10%, Rehash=0, Collisions=12/122=10%

# Pattern-specific Variable Values

# No pattern-specific variable values.

# Directories

# : could not be stat'd.
# C:\Users\26454\AppData\Local\Microsoft\WindowsApps (key C:/Users/26454/AppData/Local/Microsoft/WindowsApps, mtime 1650633782): 15 files, no impossibilities.
# C:\Program Files\NVIDIA Corporation\NVIDIA NvDLISR (key C:/Program Files/NVIDIA Corporation/NVIDIA NvDLISR, mtime 1628844584): 5 files, no impossibilities.
# C:\Program Files (x86)\AOMEI\AOMEI Backupper\6.5.0 (key C:/Program Files (x86)/AOMEI/AOMEI Backupper/6.5.0, mtime 1650502768): 139 files, no impossibilities.
# C:\Users\26454\AppData\Local\Programs\Microsoft VS Code\bin (key C:/Users/26454/AppData/Local/Programs/Microsoft VS Code/bin, mtime 1651795191): 4 files, no impossibilities.
# C:\Windows\System32\WindowsPowerShell\v1.0\ (key C:/Windows/System32/WindowsPowerShell/v1.0/, mtime 1648956215): 32 files, no impossibilities.
# C:\WINDOWS\System32\Wbem (key C:/WINDOWS/System32/Wbem, mtime 1650208378): 172 files, no impossibilities.
# . (key c:/Users/26454/Mycodes/csapp/csapplab/archlab, mtime 1651851094): 12 files, no impossibilities.
# C:\Users\26454\AppData\Local\Programs\Python\Python310\ (key C:/Users/26454/AppData/Local/Programs/Python/Python310/, mtime 1646364158): 20 files, no impossibilities.
# C:\MinGW\bin (key C:/MinGW/bin, mtime 1644983041): 59 files, no impossibilities.
# C:\Users\26454\AppData\Local\Programs\Python\Python310\Scripts\ (key C:/Users/26454/AppData/Local/Programs/Python/Python310/Scripts/, mtime 1651644757): 51 files, no impossibilities.
# C:\Program Files\NVIDIA Corporation\Nsight Compute 2022.1.1\ (key C:/Program Files/NVIDIA Corporation/Nsight Compute 2022.1.1/, mtime 1646307978): 12 files, no impossibilities.
# C:\masm32 (key C:/masm32, mtime 1634722920): 71 files, no impossibilities.
# C:\Program Files\NVIDIA GPU Computing Toolkit\CUDA\v11.6\libnvvp (key C:/Program Files/NVIDIA GPU Computing Toolkit/CUDA/v11.6/libnvvp, mtime 1646308153): 14 files, no impossibilities.
# C:\Program Files\Git\cmd (key C:/Program Files/Git/cmd, mtime 1642855254): 8 files, no impossibilities.
# C:\Windows\System32\OpenSSH\: could not be stat'd.
# C:\Neovim\bin (key C:/Neovim/bin, mtime 1634275188): 33 files, no impossibilities.
# C:\Program Files (x86)\NVIDIA Corporation\PhysX\Common (key C:/Program Files (x86)/NVIDIA Corporation/PhysX/Common, mtime 1611490982): 10 files, no impossibiliti 
es.
# C:\WINDOWS (key C:/WINDOWS, mtime 1633919171): 136 files, no impossibilities.
# C:\Program Files\MATLAB\R2020b\bin (key C:/Program Files/MATLAB/R2020b/bin, mtime 1615090402): 14 files, no impossibilities.
# C:\Windows (key C:/Windows, mtime 1633919171): 136 files, no impossibilities.
# C:\Program Files\NVIDIA GPU Computing Toolkit\CUDA\v11.6\bin (key C:/Program Files/NVIDIA GPU Computing Toolkit/CUDA/v11.6/bin, mtime 1646308159): 45 files, no impossibilities.
# C:\Windows\System32\Wbem (key C:/Windows/System32/Wbem, mtime 1650208378): 172 files, no impossibilities.
# C:\Program Files\nodejs\ (key C:/Program Files/nodejs/, mtime 1645871570): 13 files, no impossibilities.
# C:\WINDOWS\System32\WindowsPowerShell\v1.0\ (key C:/WINDOWS/System32/WindowsPowerShell/v1.0/, mtime 1648956215): 32 files, no impossibilities.
# C:\Windows\system32 (key C:/Windows/system32, mtime 1651813086): 3163 files, no impossibilities.
# C:\Users\26454\AppData\Roaming\npm (key C:/Users/26454/AppData/Roaming/npm, mtime 1645871560): 2 files, no impossibilities.
# C:\texlive\2021\bin\win32 (key C:/texlive/2021/bin/win32, mtime 1638181871): 546 files, no impossibilities.
# C:\Program Files (x86)\Microsoft Visual Studio\2017\Community\VC\Tools\MSVC\14.16.27023\bin\Hostx64\x64 (key C:/Program Files (x86)/Microsoft Visual Studio/2017/Community/VC/Tools/MSVC/14.16.27023/bin/Hostx64/x64, mtime 1645251117): 51 files, no impossibilities.
# C:\WINDOWS\System32\OpenSSH\: could not be stat'd.
# C:\masm32\bin (key C:/masm32/bin, mtime 1634722881) 
: 42 files, no impossibilities.
# C:\Program Files (x86)\VMware\VMware Workstation\bin\ (key C:/Program Files (x86)/VMware/VMware Workstation/bin/, mtime 1631713700): 4 files, no impossibilities.
# C:\WINDOWS\system32 (key C:/WINDOWS/system32, mtime 1651813086): 3163 files, no impossibilities.

# 8176 files, no impossibilities in 33 directories.

# Implicit Rules

# No implicit rules.

# Files

# Not a target:
all:
#  Command line target.
#  Implicit rule search has been done.
#  File does not exist.
#  File has not been updated.

# Not a target:
.SUFFIXES:
#  Implicit rule search has not been done.
#  Modification time never checked.
#  File has not been updated.

# Not a target:
Makefile:
#  Implicit rule search has been done.
#  Last modified 2022-04-09 14:31:22
#  File has been updated.
#  Successfully updated.

handin-partc:
#  Implicit rule search has not been done.
#  Modification time never checked.
#  File has not been updated.
#  recipe to execute (from 'Makefile', line 30):
	cp sim/pipe/ncopy.ys $(HANDINDIR-PARTC)/$(TEAM)-$(VERSION)-ncopy.ys
	cp sim/pipe/pipe-full.hcl $(HANDINDIR-PARTC)/$(TEAM)-$(VERSION)-pipe-full.hcl

# Not a target:
.DEFAULT:
#  Implicit rule search has not been done.
#  Modification time never checked.
#  File has not been updated.

sim:
#  Implicit rule search has not been done.
#  Modification time never checked.
#  File has not been updated.
#  recipe to execute (from 'Makefile', line 16):
	(cd sim; make)

handin-parta:
#  Implicit rule search has not been done.
#  Modification time never checked.
#  File has not been updated.
#  recipe to execute (from 'Makefile', line 20):
	cp sim/misc/sum.ys $(HANDINDIR-PARTA)/$(TEAM)-$(VERSION)-sum.ys
	cp sim/misc/rsum.ys $(HANDINDIR-PARTA)/$(TEAM)-$(VERSION)-rsum.ys
	cp sim/misc/copy.ys $(HANDINDIR-PARTA)/$(TEAM)-$(VERSION)-copy.ys

clean:
#  Implicit rule search has not been done.
#  Modification time never checked.
#  File has not been updated.
#  recipe to execute (from 'Makefile', line 34):
	rm -f *~ *.o

handin-partb:
#  Implicit rule  
make.exe: *** No rule to make target 'all'.  Stop.

search has not been done.
#  Modification time never checked.
#  File has not been updated.
#  recipe to execute (from 'Makefile', line 26):
	cp sim/seq/seq-full.hcl $(HANDINDIR-PARTB)/$(TEAM)-$(VERSION)-seq-full.hcl

# files hash-table stats:
# Load=9/1024=1%, Rehash=0, Collisions=0/19=0%
# VPATH Search Paths

# No 'vpath' search paths.

# No general ('VPATH' variable) search path.

# strcache buffers: 9 (8) / strings = 4597 / storage = 68383 B / avg = 14 B
# current buf: size = 8174 B / used = 3081 B / count = 241 / avg = 12 B
# other used: total = 60209 B / count = 4356 / avg = 13 B
# other free: total = 90 B / max = 14 B / min = 3 B / avg = 11 B

# strcache performance: lookups = 8225 / hit rate = 44%
# hash-table stats:
# Load=4597/8192=56%, Rehash=0, Collisions=3792/8225=46%
# Finished Make data base on Fri May 06 23:38:47 2022

 
